<?xml version="1.0" encoding="UTF-8"?>
<!-- Generated by org.testng.reporters.JUnitReportReporter -->
<testsuite skipped="0" hostname="Fatemas-MacBook-Pro.local" name="selenium.SelectValue" tests="1" failures="0" timestamp="21 Dec 2017 00:51:56 GMT" time="10.502" errors="0">
  <testcase name="selectFromDD" time="10.502" classname="selenium.SelectValue"/>
</testsuite> <!-- selenium.SelectValue -->
